<?xml version="1.0" encoding="UTF-8"?>
<!-- Generated by org.testng.reporters.JUnitReportReporter -->
<testsuite hostname="DESKTOP-EJDRMVG" failures="0" tests="1" name="practice.amazontest" time="18.610" errors="0" timestamp="2024-07-26T15:54:58 IST" skipped="0">
  <testcase classname="practice.amazontest" name="launchAmazon" time="18.610"/>
  <system-out/>
</testsuite> <!-- practice.amazontest -->
